\BOOKMARK [0][-]{chapter.1}{Introduzione}{}% 1
\BOOKMARK [0][-]{chapter.2}{MQTT}{}% 2
\BOOKMARK [1][-]{section.2.1}{Descrizione del protocollo}{chapter.2}% 3
\BOOKMARK [2][-]{subsection.2.1.1}{Topic}{section.2.1}% 4
\BOOKMARK [2][-]{subsection.2.1.2}{Connessione al broker}{section.2.1}% 5
\BOOKMARK [2][-]{subsection.2.1.3}{Sottoscrizione e pubblicazione}{section.2.1}% 6
\BOOKMARK [2][-]{subsection.2.1.4}{Altre caratteristiche}{section.2.1}% 7
\BOOKMARK [0][-]{chapter.3}{Implementazione ed esperimenti}{}% 8
\BOOKMARK [1][-]{section.3.1}{Implementazione del protocollo}{chapter.3}% 9
\BOOKMARK [1][-]{section.3.2}{I broker studiati}{chapter.3}% 10
\BOOKMARK [2][-]{subsection.3.2.1}{Mosquitto}{section.3.2}% 11
\BOOKMARK [2][-]{subsection.3.2.2}{EMQ X}{section.3.2}% 12
\BOOKMARK [2][-]{subsection.3.2.3}{HiveMQ Community Edition}{section.3.2}% 13
\BOOKMARK [2][-]{subsection.3.2.4}{Moquette}{section.3.2}% 14
\BOOKMARK [2][-]{subsection.3.2.5}{Aedes}{section.3.2}% 15
\BOOKMARK [1][-]{section.3.3}{Esperimenti effetuati}{chapter.3}% 16
\BOOKMARK [2][-]{subsection.3.3.1}{Publish QoS 2 e 1}{section.3.3}% 17
\BOOKMARK [2][-]{subsection.3.3.2}{15000 subscription}{section.3.3}% 18
\BOOKMARK [2][-]{subsection.3.3.3}{Topic lungo}{section.3.3}% 19
\BOOKMARK [2][-]{subsection.3.3.4}{Publish QoS 2 e 0}{section.3.3}% 20
\BOOKMARK [2][-]{subsection.3.3.5}{Doppio publish QoS 2}{section.3.3}% 21
\BOOKMARK [2][-]{subsection.3.3.6}{Altri esperimenti}{section.3.3}% 22
\BOOKMARK [1][-]{section.3.4}{Librerie client}{chapter.3}% 23
\BOOKMARK [1][-]{section.3.5}{Dispositivo fisico}{chapter.3}% 24
\BOOKMARK [0][-]{chapter.4}{Conclusioni}{}% 25
\BOOKMARK [0][-]{chapter*.36}{Ringraziamenti}{}% 26
